<?xml version="1.0" encoding="UTF-8"?>
<!-- Generated by org.testng.reporters.JUnitXMLReporter -->
<testsuite hostname="ZS-LP-0100" ignored="0" name="Free CRM App Test Cases" tests="7" failures="0" timestamp="05 Nov 2021 07:25:50 GMT" time="106.466" errors="0">
  <testcase name="testProductAvailablity" time="5.909" classname="com.officemate.qa.testscripts.ApiTest"/>
  <testcase name="testProductAvailablity" time="1.464" classname="com.officemate.qa.testscripts.ApiTest"/>
  <testcase name="testResponseCode" time="1.501" classname="com.officemate.qa.testscripts.ApiTest"/>
  <testcase name="testResponseCode" time="1.809" classname="com.officemate.qa.testscripts.ApiTest"/>
  <testcase name="searchProductWithSku" time="5.086" classname="com.officemate.qa.testscripts.HomePageTest"/>
  <testcase name="searchProductWithSku" time="4.332" classname="com.officemate.qa.testscripts.HomePageTest"/>
  <testcase name="searchProductWithSku" time="4.884" classname="com.officemate.qa.testscripts.HomePageTest"/>
</testsuite> <!-- Free CRM App Test Cases -->
